<?xml version="1.0" encoding="UTF-8"?>
<testng-results skipped="0" failed="0" total="1" passed="1">
  <reporter-output>
  </reporter-output>
  <suite name="Suite" duration-ms="4480" started-at="2020-12-14T15:32:49Z" finished-at="2020-12-14T15:32:54Z">
    <groups>
    </groups>
    <test name="Test" duration-ms="4480" started-at="2020-12-14T15:32:49Z" finished-at="2020-12-14T15:32:54Z">
      <class name="TetpckgRedBus.LoginTest">
        <test-method status="PASS" signature="fetchdata()[pri:0, instance:TetpckgRedBus.LoginTest@5ed828d]" name="fetchdata" is-config="true" duration-ms="458" started-at="2020-12-14T15:32:49Z" finished-at="2020-12-14T15:32:50Z">
          <reporter-output>
          </reporter-output>
        </test-method> <!-- fetchdata -->
        <test-method status="PASS" signature="setup()[pri:0, instance:TetpckgRedBus.LoginTest@5ed828d]" name="setup" is-config="true" duration-ms="2248" started-at="2020-12-14T15:32:50Z" finished-at="2020-12-14T15:32:52Z">
          <reporter-output>
          </reporter-output>
        </test-method> <!-- setup -->
        <test-method status="PASS" signature="login()[pri:0, instance:TetpckgRedBus.LoginTest@5ed828d]" name="login" duration-ms="1768" started-at="2020-12-14T15:32:52Z" finished-at="2020-12-14T15:32:54Z">
          <reporter-output>
          </reporter-output>
        </test-method> <!-- login -->
      </class> <!-- TetpckgRedBus.LoginTest -->
    </test> <!-- Test -->
  </suite> <!-- Suite -->
</testng-results>
