<?xml version="1.0" encoding="UTF-8"?>
<testng-results skipped="0" failed="0" ignored="0" total="1" passed="1">
  <reporter-output>
  </reporter-output>
  <suite name="Default suite" duration-ms="4741" started-at="2020-12-14T14:28:20 UTC" finished-at="2020-12-14T14:28:25 UTC">
    <groups>
    </groups>
    <test name="Default test" duration-ms="4741" started-at="2020-12-14T14:28:20 UTC" finished-at="2020-12-14T14:28:25 UTC">
      <class name="TetpckgRedBus.LoginTest">
        <test-method status="PASS" signature="fetchdata()[pri:0, instance:TetpckgRedBus.LoginTest@e320068]" name="fetchdata" is-config="true" duration-ms="471" started-at="2020-12-14T14:28:20 UTC" finished-at="2020-12-14T14:28:21 UTC">
          <reporter-output>
          </reporter-output>
        </test-method> <!-- fetchdata -->
        <test-method status="PASS" signature="setup()[pri:0, instance:TetpckgRedBus.LoginTest@e320068]" name="setup" is-config="true" duration-ms="2674" started-at="2020-12-14T14:28:21 UTC" finished-at="2020-12-14T14:28:23 UTC">
          <reporter-output>
          </reporter-output>
        </test-method> <!-- setup -->
        <test-method status="PASS" signature="login()[pri:0, instance:TetpckgRedBus.LoginTest@e320068]" name="login" duration-ms="1571" started-at="2020-12-14T14:28:23 UTC" finished-at="2020-12-14T14:28:25 UTC">
          <reporter-output>
          </reporter-output>
        </test-method> <!-- login -->
      </class> <!-- TetpckgRedBus.LoginTest -->
    </test> <!-- Default test -->
  </suite> <!-- Default suite -->
</testng-results>
